   0  $accept : programa $end

   1  programa : nombre bloque_sentencias
   2           | T_ID
   3           | bloque_sentencias

   4  bloque_sentencias : BEGIN sentencias END
   5                    | BEGIN END

   6  sentencias : sentencia
   7             | sentencias sentencia

   8  sentencia : declaracion
   9            | asignacion
  10            | if_statement
  11            | repeat_while_statement
  12            | salida
  13            | declaracion_funcion
  14            | goto_statement
  15            | sentencia_declarativa_tipos
  16            | T_ETIQUETA
  17            | RET '(' expresion ')' ';'
  18            | RET '(' expresion ')'
  19            | RET '(' ')' ';'

  20  declaracion : tipo lista_var ';'
  21              | tipo lista_var error
  22              | tipo ';'

  23  lista_var : lista_var ',' T_ID
  24            | T_ID
  25            | lista_var T_ID

  26  nombre : T_ID

  27  declaracion_funcion : tipo FUN nombre '(' parametro ')' bloque_sentencias
  28                      | tipo FUN nombre '(' parametros_error ')' bloque_sentencias
  29                      | tipo FUN nombre '(' tipo ')' bloque_sentencias
  30                      | tipo nombre '(' tipo T_ID ')' bloque_sentencias
  31                      | tipo FUN '(' tipo T_ID ')' bloque_sentencias
  32                      | tipo FUN nombre '(' parametro ')' bloque_sentencias ';'

  33  parametro : tipo T_ID

  34  parametros_error : parametro ',' parametro
  35                   | parametros_error ',' parametro
  36                   |

  37  repeat_sentencia : bloque_sentencias
  38                   | sentencia

  39  tipo : DOUBLE
  40       | LONGINT
  41       | T_ID

  42  if_statement : IF '(' condicion ')' THEN repeat_sentencia END_IF ';'
  43               | IF '(' condicion ')' THEN repeat_sentencia ELSE repeat_sentencia END_IF ';'
  44               | IF '(' condicion ')' THEN repeat_sentencia repeat_sentencia END_IF ';'
  45               | IF '(' condicion ')' THEN repeat_sentencia END_IF
  46               | IF '(' condicion ')' THEN repeat_sentencia ELSE repeat_sentencia END_IF
  47               | IF '(' ')' THEN repeat_sentencia END_IF ';'
  48               | IF '(' ')' THEN repeat_sentencia ELSE repeat_sentencia END_IF ';'
  49               | IF '(' condicion ')' repeat_sentencia END_IF ';'
  50               | IF '(' condicion ')' repeat_sentencia ELSE repeat_sentencia END_IF ';'
  51               | IF '(' condicion ')' THEN END_IF ';'
  52               | IF '(' condicion ')' THEN ELSE END_IF ';'
  53               | IF condicion THEN repeat_sentencia END_IF ';'
  54               | IF condicion THEN repeat_sentencia ELSE repeat_sentencia END_IF ';'
  55               | IF '(' condicion ')' THEN repeat_sentencia error ';'
  56               | IF '(' condicion ')' THEN repeat_sentencia ELSE repeat_sentencia error ';'

  57  repeat_while_statement : REPEAT repeat_sentencia WHILE '(' condicion ')' ';'
  58                         | REPEAT repeat_sentencia WHILE '(' condicion ')'
  59                         | REPEAT WHILE '(' condicion ')'
  60                         | REPEAT repeat_sentencia WHILE '(' ')' ';'
  61                         | REPEAT repeat_sentencia WHILE condicion ';'
  62                         | REPEAT repeat_sentencia error '(' condicion ')' ';'

  63  salida : OUTF '(' T_CADENA ')' ';'
  64         | OUTF '(' expresion ')' ';'
  65         | OUTF '(' expresion ')'
  66         | OUTF '(' T_CADENA ')'
  67         | OUTF '(' sentencia ')' ';'
  68         | OUTF '(' ')' ';'

  69  sentencia_declarativa_tipos : TYPEDEF T_ID T_ASIGNACION tipo subrango ';'
  70                              | TYPEDEF PAIR '<' LONGINT '>' T_ID ';'
  71                              | TYPEDEF PAIR '<' DOUBLE '>' T_ID ';'
  72                              | TYPEDEF PAIR '<' '>' T_ID ';'
  73                              | TYPEDEF PAIR DOUBLE T_ID ';'
  74                              | TYPEDEF PAIR LONGINT T_ID ';'
  75                              | TYPEDEF T_ID T_ASIGNACION tipo subrango
  76                              | TYPEDEF PAIR '<' T_ID '>' T_ID ';'
  77                              | TYPEDEF PAIR '<' LONGINT '>' T_ID
  78                              | TYPEDEF PAIR '<' DOUBLE '>' T_ID
  79                              | TYPEDEF '<' LONGINT '>' T_ID ';'
  80                              | TYPEDEF '<' DOUBLE '>' T_ID ';'
  81                              | TYPEDEF PAIR '<' LONGINT '>' ';'
  82                              | TYPEDEF PAIR '<' DOUBLE '>' ';'
  83                              | TYPEDEF T_ASIGNACION tipo subrango ';'
  84                              | TYPEDEF T_ID T_ASIGNACION subrango ';'
  85                              | TYPEDEF T_ID T_ASIGNACION tipo ';'
  86                              | TYPEDEF T_ID tipo subrango ';'

  87  subrango : '{' T_CTE ',' T_CTE '}'
  88           | '{' '-' T_CTE ',' T_CTE '}'
  89           | '{' T_CTE ',' '-' T_CTE '}'
  90           | '{' '-' T_CTE ',' '-' T_CTE '}'
  91           | '{' '}'
  92           | error

  93  condicion : expresion comparador expresion
  94            | expresion error expresion
  95            | expresion comparador
  96            | comparador expresion

  97  comparador : MENOR_IGUAL
  98             | MAYOR_IGUAL
  99             | DISTINTO
 100             | '='
 101             | '<'
 102             | '>'

 103  asignacion : IDENTIFIER_LIST T_ASIGNACION expresion_list error
 104             | IDENTIFIER_LIST T_ASIGNACION expresion_list ';'
 105             | IDENTIFIER_LIST T_ASIGNACION ';'

 106  expresion_list : expresion
 107                 | expresion_list ',' expresion

 108  IDENTIFIER_LIST : IDENTIFIER_LIST ',' T_ID
 109                  | IDENTIFIER_LIST ',' acceso_par
 110                  | T_ID
 111                  | acceso_par
 112                  | acceso_par error acceso_par
 113                  | T_ID error acceso_par
 114                  | acceso_par error T_ID

 115  acceso_par : T_ID '{' T_CTE '}'
 116             | T_ID '{' '}'
 117             | T_ID T_CADENA

 118  goto_statement : GOTO T_ETIQUETA ';'
 119                 | GOTO ';'
 120                 | GOTO T_ETIQUETA
 121                 | GOTO error

 122  invocacion_funcion : T_ID '(' parametro_real ')'
 123                     | T_ID '(' error ')'

 124  parametro_real : expresion_aritmetica

 125  expresion_aritmetica : expresion_aritmetica '+' expresion_aritmetica
 126                       | expresion_aritmetica '-' expresion_aritmetica
 127                       | expresion_aritmetica '*' expresion_aritmetica
 128                       | expresion_aritmetica '/' expresion_aritmetica
 129                       | T_CTE
 130                       | T_ID
 131                       | acceso_par
 132                       | unaria

 133  expresion : expresion '+' expresion
 134            | expresion '-' expresion
 135            | expresion '*' expresion
 136            | expresion '/' expresion
 137            | T_CTE
 138            | T_ID
 139            | acceso_par
 140            | invocacion_funcion
 141            | unaria
 142            | error

 143  unaria : '-' T_CTE

state 0
	$accept : . programa $end  (0)

	BEGIN  shift 1
	T_ID  shift 2
	.  error

	programa  goto 3
	nombre  goto 4
	bloque_sentencias  goto 5


state 1
	bloque_sentencias : BEGIN . sentencias END  (4)
	bloque_sentencias : BEGIN . END  (5)

	IF  shift 6
	END  shift 7
	OUTF  shift 8
	TYPEDEF  shift 9
	RET  shift 10
	REPEAT  shift 11
	GOTO  shift 12
	LONGINT  shift 13
	DOUBLE  shift 14
	T_ID  shift 15
	T_ETIQUETA  shift 16
	.  error

	sentencias  goto 17
	sentencia  goto 18
	declaracion  goto 19
	asignacion  goto 20
	if_statement  goto 21
	repeat_while_statement  goto 22
	salida  goto 23
	declaracion_funcion  goto 24
	goto_statement  goto 25
	sentencia_declarativa_tipos  goto 26
	tipo  goto 27
	IDENTIFIER_LIST  goto 28
	acceso_par  goto 29


state 2
	programa : T_ID .  (2)
	nombre : T_ID .  (26)

	$end  reduce 2
	BEGIN  reduce 26


state 3
	$accept : programa . $end  (0)

	$end  accept


state 4
	programa : nombre . bloque_sentencias  (1)

	BEGIN  shift 1
	.  error

	bloque_sentencias  goto 30


state 5
	programa : bloque_sentencias .  (3)

	.  reduce 3


state 6
	if_statement : IF . '(' condicion ')' THEN repeat_sentencia END_IF ';'  (42)
	if_statement : IF . '(' condicion ')' THEN repeat_sentencia ELSE repeat_sentencia END_IF ';'  (43)
	if_statement : IF . '(' condicion ')' THEN repeat_sentencia repeat_sentencia END_IF ';'  (44)
	if_statement : IF . '(' condicion ')' THEN repeat_sentencia END_IF  (45)
	if_statement : IF . '(' condicion ')' THEN repeat_sentencia ELSE repeat_sentencia END_IF  (46)
	if_statement : IF . '(' ')' THEN repeat_sentencia END_IF ';'  (47)
	if_statement : IF . '(' ')' THEN repeat_sentencia ELSE repeat_sentencia END_IF ';'  (48)
	if_statement : IF . '(' condicion ')' repeat_sentencia END_IF ';'  (49)
	if_statement : IF . '(' condicion ')' repeat_sentencia ELSE repeat_sentencia END_IF ';'  (50)
	if_statement : IF . '(' condicion ')' THEN END_IF ';'  (51)
	if_statement : IF . '(' condicion ')' THEN ELSE END_IF ';'  (52)
	if_statement : IF . condicion THEN repeat_sentencia END_IF ';'  (53)
	if_statement : IF . condicion THEN repeat_sentencia ELSE repeat_sentencia END_IF ';'  (54)
	if_statement : IF . '(' condicion ')' THEN repeat_sentencia error ';'  (55)
	if_statement : IF . '(' condicion ')' THEN repeat_sentencia ELSE repeat_sentencia error ';'  (56)

	error  shift 31
	MENOR_IGUAL  shift 32
	MAYOR_IGUAL  shift 33
	DISTINTO  shift 34
	T_ID  shift 35
	T_CTE  shift 36
	'-'  shift 37
	'('  shift 38
	'<'  shift 39
	'>'  shift 40
	'='  shift 41
	.  error

	expresion  goto 42
	condicion  goto 43
	comparador  goto 44
	acceso_par  goto 45
	invocacion_funcion  goto 46
	unaria  goto 47


state 7
	bloque_sentencias : BEGIN END .  (5)

	.  reduce 5


state 8
	salida : OUTF . '(' T_CADENA ')' ';'  (63)
	salida : OUTF . '(' expresion ')' ';'  (64)
	salida : OUTF . '(' expresion ')'  (65)
	salida : OUTF . '(' T_CADENA ')'  (66)
	salida : OUTF . '(' sentencia ')' ';'  (67)
	salida : OUTF . '(' ')' ';'  (68)

	'('  shift 48
	.  error


state 9
	sentencia_declarativa_tipos : TYPEDEF . T_ID T_ASIGNACION tipo subrango ';'  (69)
	sentencia_declarativa_tipos : TYPEDEF . PAIR '<' LONGINT '>' T_ID ';'  (70)
	sentencia_declarativa_tipos : TYPEDEF . PAIR '<' DOUBLE '>' T_ID ';'  (71)
	sentencia_declarativa_tipos : TYPEDEF . PAIR '<' '>' T_ID ';'  (72)
	sentencia_declarativa_tipos : TYPEDEF . PAIR DOUBLE T_ID ';'  (73)
	sentencia_declarativa_tipos : TYPEDEF . PAIR LONGINT T_ID ';'  (74)
	sentencia_declarativa_tipos : TYPEDEF . T_ID T_ASIGNACION tipo subrango  (75)
	sentencia_declarativa_tipos : TYPEDEF . PAIR '<' T_ID '>' T_ID ';'  (76)
	sentencia_declarativa_tipos : TYPEDEF . PAIR '<' LONGINT '>' T_ID  (77)
	sentencia_declarativa_tipos : TYPEDEF . PAIR '<' DOUBLE '>' T_ID  (78)
	sentencia_declarativa_tipos : TYPEDEF . '<' LONGINT '>' T_ID ';'  (79)
	sentencia_declarativa_tipos : TYPEDEF . '<' DOUBLE '>' T_ID ';'  (80)
	sentencia_declarativa_tipos : TYPEDEF . PAIR '<' LONGINT '>' ';'  (81)
	sentencia_declarativa_tipos : TYPEDEF . PAIR '<' DOUBLE '>' ';'  (82)
	sentencia_declarativa_tipos : TYPEDEF . T_ASIGNACION tipo subrango ';'  (83)
	sentencia_declarativa_tipos : TYPEDEF . T_ID T_ASIGNACION subrango ';'  (84)
	sentencia_declarativa_tipos : TYPEDEF . T_ID T_ASIGNACION tipo ';'  (85)
	sentencia_declarativa_tipos : TYPEDEF . T_ID tipo subrango ';'  (86)

	PAIR  shift 49
	T_ASIGNACION  shift 50
	T_ID  shift 51
	'<'  shift 52
	.  error


state 10
	sentencia : RET . '(' expresion ')' ';'  (17)
	sentencia : RET . '(' expresion ')'  (18)
	sentencia : RET . '(' ')' ';'  (19)

	'('  shift 53
	.  error


state 11
	repeat_while_statement : REPEAT . repeat_sentencia WHILE '(' condicion ')' ';'  (57)
	repeat_while_statement : REPEAT . repeat_sentencia WHILE '(' condicion ')'  (58)
	repeat_while_statement : REPEAT . WHILE '(' condicion ')'  (59)
	repeat_while_statement : REPEAT . repeat_sentencia WHILE '(' ')' ';'  (60)
	repeat_while_statement : REPEAT . repeat_sentencia WHILE condicion ';'  (61)
	repeat_while_statement : REPEAT . repeat_sentencia error '(' condicion ')' ';'  (62)

	IF  shift 6
	BEGIN  shift 1
	OUTF  shift 8
	TYPEDEF  shift 9
	RET  shift 10
	REPEAT  shift 11
	WHILE  shift 54
	GOTO  shift 12
	LONGINT  shift 13
	DOUBLE  shift 14
	T_ID  shift 15
	T_ETIQUETA  shift 16
	.  error

	bloque_sentencias  goto 55
	sentencia  goto 56
	declaracion  goto 19
	asignacion  goto 20
	if_statement  goto 21
	repeat_while_statement  goto 22
	salida  goto 23
	declaracion_funcion  goto 24
	goto_statement  goto 25
	sentencia_declarativa_tipos  goto 26
	tipo  goto 27
	repeat_sentencia  goto 57
	IDENTIFIER_LIST  goto 28
	acceso_par  goto 29


state 12
	goto_statement : GOTO . T_ETIQUETA ';'  (118)
	goto_statement : GOTO . ';'  (119)
	goto_statement : GOTO . T_ETIQUETA  (120)
	goto_statement : GOTO . error  (121)

	error  shift 58
	T_ETIQUETA  shift 59
	';'  shift 60
	.  error


state 13
	tipo : LONGINT .  (40)

	.  reduce 40


state 14
	tipo : DOUBLE .  (39)

	.  reduce 39


state 15
	tipo : T_ID .  (41)
	IDENTIFIER_LIST : T_ID .  (110)
	IDENTIFIER_LIST : T_ID . error acceso_par  (113)
	acceso_par : T_ID . '{' T_CTE '}'  (115)
	acceso_par : T_ID . '{' '}'  (116)
	acceso_par : T_ID . T_CADENA  (117)

	error  shift 61
	T_CADENA  shift 62
	'{'  shift 63
	FUN  reduce 41
	T_ASIGNACION  reduce 110
	T_ID  reduce 41
	';'  reduce 41
	','  reduce 110


state 16
	sentencia : T_ETIQUETA .  (16)

	.  reduce 16


state 17
	bloque_sentencias : BEGIN sentencias . END  (4)
	sentencias : sentencias . sentencia  (7)

	IF  shift 6
	END  shift 64
	OUTF  shift 8
	TYPEDEF  shift 9
	RET  shift 10
	REPEAT  shift 11
	GOTO  shift 12
	LONGINT  shift 13
	DOUBLE  shift 14
	T_ID  shift 15
	T_ETIQUETA  shift 16
	.  error

	sentencia  goto 65
	declaracion  goto 19
	asignacion  goto 20
	if_statement  goto 21
	repeat_while_statement  goto 22
	salida  goto 23
	declaracion_funcion  goto 24
	goto_statement  goto 25
	sentencia_declarativa_tipos  goto 26
	tipo  goto 27
	IDENTIFIER_LIST  goto 28
	acceso_par  goto 29


state 18
	sentencias : sentencia .  (6)

	.  reduce 6


state 19
	sentencia : declaracion .  (8)

	.  reduce 8


state 20
	sentencia : asignacion .  (9)

	.  reduce 9


state 21
	sentencia : if_statement .  (10)

	.  reduce 10


state 22
	sentencia : repeat_while_statement .  (11)

	.  reduce 11


state 23
	sentencia : salida .  (12)

	.  reduce 12


state 24
	sentencia : declaracion_funcion .  (13)

	.  reduce 13


state 25
	sentencia : goto_statement .  (14)

	.  reduce 14


state 26
	sentencia : sentencia_declarativa_tipos .  (15)

	.  reduce 15


state 27
	declaracion : tipo . lista_var ';'  (20)
	declaracion : tipo . lista_var error  (21)
	declaracion : tipo . ';'  (22)
	declaracion_funcion : tipo . FUN nombre '(' parametro ')' bloque_sentencias  (27)
	declaracion_funcion : tipo . FUN nombre '(' parametros_error ')' bloque_sentencias  (28)
	declaracion_funcion : tipo . FUN nombre '(' tipo ')' bloque_sentencias  (29)
	declaracion_funcion : tipo . nombre '(' tipo T_ID ')' bloque_sentencias  (30)
	declaracion_funcion : tipo . FUN '(' tipo T_ID ')' bloque_sentencias  (31)
	declaracion_funcion : tipo . FUN nombre '(' parametro ')' bloque_sentencias ';'  (32)

	FUN  shift 66
	T_ID  shift 67
	';'  shift 68
	.  error

	nombre  goto 69
	lista_var  goto 70


state 28
	asignacion : IDENTIFIER_LIST . T_ASIGNACION expresion_list error  (103)
	asignacion : IDENTIFIER_LIST . T_ASIGNACION expresion_list ';'  (104)
	asignacion : IDENTIFIER_LIST . T_ASIGNACION ';'  (105)
	IDENTIFIER_LIST : IDENTIFIER_LIST . ',' T_ID  (108)
	IDENTIFIER_LIST : IDENTIFIER_LIST . ',' acceso_par  (109)

	T_ASIGNACION  shift 71
	','  shift 72
	.  error


state 29
	IDENTIFIER_LIST : acceso_par .  (111)
	IDENTIFIER_LIST : acceso_par . error acceso_par  (112)
	IDENTIFIER_LIST : acceso_par . error T_ID  (114)

	error  shift 73
	T_ASIGNACION  reduce 111
	','  reduce 111


state 30
	programa : nombre bloque_sentencias .  (1)

	.  reduce 1


state 31
	expresion : error .  (142)

	.  reduce 142


state 32
	comparador : MENOR_IGUAL .  (97)

	.  reduce 97


state 33
	comparador : MAYOR_IGUAL .  (98)

	.  reduce 98


state 34
	comparador : DISTINTO .  (99)

	.  reduce 99


state 35
	acceso_par : T_ID . '{' T_CTE '}'  (115)
	acceso_par : T_ID . '{' '}'  (116)
	acceso_par : T_ID . T_CADENA  (117)
	invocacion_funcion : T_ID . '(' parametro_real ')'  (122)
	invocacion_funcion : T_ID . '(' error ')'  (123)
	expresion : T_ID .  (138)

	T_CADENA  shift 62
	'('  shift 74
	'{'  shift 63
	error  reduce 138
	THEN  reduce 138
	MENOR_IGUAL  reduce 138
	MAYOR_IGUAL  reduce 138
	DISTINTO  reduce 138
	'+'  reduce 138
	'-'  reduce 138
	'*'  reduce 138
	'/'  reduce 138
	')'  reduce 138
	';'  reduce 138
	','  reduce 138
	'<'  reduce 138
	'>'  reduce 138
	'='  reduce 138


state 36
	expresion : T_CTE .  (137)

	.  reduce 137


state 37
	unaria : '-' . T_CTE  (143)

	T_CTE  shift 75
	.  error


state 38
	if_statement : IF '(' . condicion ')' THEN repeat_sentencia END_IF ';'  (42)
	if_statement : IF '(' . condicion ')' THEN repeat_sentencia ELSE repeat_sentencia END_IF ';'  (43)
	if_statement : IF '(' . condicion ')' THEN repeat_sentencia repeat_sentencia END_IF ';'  (44)
	if_statement : IF '(' . condicion ')' THEN repeat_sentencia END_IF  (45)
	if_statement : IF '(' . condicion ')' THEN repeat_sentencia ELSE repeat_sentencia END_IF  (46)
	if_statement : IF '(' . ')' THEN repeat_sentencia END_IF ';'  (47)
	if_statement : IF '(' . ')' THEN repeat_sentencia ELSE repeat_sentencia END_IF ';'  (48)
	if_statement : IF '(' . condicion ')' repeat_sentencia END_IF ';'  (49)
	if_statement : IF '(' . condicion ')' repeat_sentencia ELSE repeat_sentencia END_IF ';'  (50)
	if_statement : IF '(' . condicion ')' THEN END_IF ';'  (51)
	if_statement : IF '(' . condicion ')' THEN ELSE END_IF ';'  (52)
	if_statement : IF '(' . condicion ')' THEN repeat_sentencia error ';'  (55)
	if_statement : IF '(' . condicion ')' THEN repeat_sentencia ELSE repeat_sentencia error ';'  (56)

	error  shift 31
	MENOR_IGUAL  shift 32
	MAYOR_IGUAL  shift 33
	DISTINTO  shift 34
	T_ID  shift 35
	T_CTE  shift 36
	'-'  shift 37
	')'  shift 76
	'<'  shift 39
	'>'  shift 40
	'='  shift 41
	.  error

	expresion  goto 42
	condicion  goto 77
	comparador  goto 44
	acceso_par  goto 45
	invocacion_funcion  goto 46
	unaria  goto 47


state 39
	comparador : '<' .  (101)

	.  reduce 101


state 40
	comparador : '>' .  (102)

	.  reduce 102


state 41
	comparador : '=' .  (100)

	.  reduce 100


state 42
	condicion : expresion . comparador expresion  (93)
	condicion : expresion . error expresion  (94)
	condicion : expresion . comparador  (95)
	expresion : expresion . '+' expresion  (133)
	expresion : expresion . '-' expresion  (134)
	expresion : expresion . '*' expresion  (135)
	expresion : expresion . '/' expresion  (136)

	error  shift 78
	MENOR_IGUAL  shift 32
	MAYOR_IGUAL  shift 33
	DISTINTO  shift 34
	'+'  shift 79
	'-'  shift 80
	'*'  shift 81
	'/'  shift 82
	'<'  shift 39
	'>'  shift 40
	'='  shift 41
	.  error

	comparador  goto 83


state 43
	if_statement : IF condicion . THEN repeat_sentencia END_IF ';'  (53)
	if_statement : IF condicion . THEN repeat_sentencia ELSE repeat_sentencia END_IF ';'  (54)

	THEN  shift 84
	.  error


state 44
	condicion : comparador . expresion  (96)

	error  shift 31
	T_ID  shift 35
	T_CTE  shift 36
	'-'  shift 37
	.  error

	expresion  goto 85
	acceso_par  goto 45
	invocacion_funcion  goto 46
	unaria  goto 47


state 45
	expresion : acceso_par .  (139)

	.  reduce 139


state 46
	expresion : invocacion_funcion .  (140)

	.  reduce 140


state 47
	expresion : unaria .  (141)

	.  reduce 141


state 48
	salida : OUTF '(' . T_CADENA ')' ';'  (63)
	salida : OUTF '(' . expresion ')' ';'  (64)
	salida : OUTF '(' . expresion ')'  (65)
	salida : OUTF '(' . T_CADENA ')'  (66)
	salida : OUTF '(' . sentencia ')' ';'  (67)
	salida : OUTF '(' . ')' ';'  (68)

	error  shift 31
	IF  shift 6
	OUTF  shift 8
	TYPEDEF  shift 9
	RET  shift 10
	REPEAT  shift 11
	GOTO  shift 12
	LONGINT  shift 13
	DOUBLE  shift 14
	T_CADENA  shift 86
	T_ID  shift 87
	T_CTE  shift 36
	T_ETIQUETA  shift 16
	'-'  shift 37
	')'  shift 88
	.  error

	sentencia  goto 89
	declaracion  goto 19
	asignacion  goto 20
	if_statement  goto 21
	repeat_while_statement  goto 22
	salida  goto 23
	declaracion_funcion  goto 24
	goto_statement  goto 25
	sentencia_declarativa_tipos  goto 26
	expresion  goto 90
	tipo  goto 27
	IDENTIFIER_LIST  goto 28
	acceso_par  goto 91
	invocacion_funcion  goto 46
	unaria  goto 47


state 49
	sentencia_declarativa_tipos : TYPEDEF PAIR . '<' LONGINT '>' T_ID ';'  (70)
	sentencia_declarativa_tipos : TYPEDEF PAIR . '<' DOUBLE '>' T_ID ';'  (71)
	sentencia_declarativa_tipos : TYPEDEF PAIR . '<' '>' T_ID ';'  (72)
	sentencia_declarativa_tipos : TYPEDEF PAIR . DOUBLE T_ID ';'  (73)
	sentencia_declarativa_tipos : TYPEDEF PAIR . LONGINT T_ID ';'  (74)
	sentencia_declarativa_tipos : TYPEDEF PAIR . '<' T_ID '>' T_ID ';'  (76)
	sentencia_declarativa_tipos : TYPEDEF PAIR . '<' LONGINT '>' T_ID  (77)
	sentencia_declarativa_tipos : TYPEDEF PAIR . '<' DOUBLE '>' T_ID  (78)
	sentencia_declarativa_tipos : TYPEDEF PAIR . '<' LONGINT '>' ';'  (81)
	sentencia_declarativa_tipos : TYPEDEF PAIR . '<' DOUBLE '>' ';'  (82)

	LONGINT  shift 92
	DOUBLE  shift 93
	'<'  shift 94
	.  error


state 50
	sentencia_declarativa_tipos : TYPEDEF T_ASIGNACION . tipo subrango ';'  (83)

	LONGINT  shift 13
	DOUBLE  shift 14
	T_ID  shift 95
	.  error

	tipo  goto 96


state 51
	sentencia_declarativa_tipos : TYPEDEF T_ID . T_ASIGNACION tipo subrango ';'  (69)
	sentencia_declarativa_tipos : TYPEDEF T_ID . T_ASIGNACION tipo subrango  (75)
	sentencia_declarativa_tipos : TYPEDEF T_ID . T_ASIGNACION subrango ';'  (84)
	sentencia_declarativa_tipos : TYPEDEF T_ID . T_ASIGNACION tipo ';'  (85)
	sentencia_declarativa_tipos : TYPEDEF T_ID . tipo subrango ';'  (86)

	LONGINT  shift 13
	DOUBLE  shift 14
	T_ASIGNACION  shift 97
	T_ID  shift 95
	.  error

	tipo  goto 98


state 52
	sentencia_declarativa_tipos : TYPEDEF '<' . LONGINT '>' T_ID ';'  (79)
	sentencia_declarativa_tipos : TYPEDEF '<' . DOUBLE '>' T_ID ';'  (80)

	LONGINT  shift 99
	DOUBLE  shift 100
	.  error


state 53
	sentencia : RET '(' . expresion ')' ';'  (17)
	sentencia : RET '(' . expresion ')'  (18)
	sentencia : RET '(' . ')' ';'  (19)

	error  shift 31
	T_ID  shift 35
	T_CTE  shift 36
	'-'  shift 37
	')'  shift 101
	.  error

	expresion  goto 102
	acceso_par  goto 45
	invocacion_funcion  goto 46
	unaria  goto 47


state 54
	repeat_while_statement : REPEAT WHILE . '(' condicion ')'  (59)

	'('  shift 103
	.  error


state 55
	repeat_sentencia : bloque_sentencias .  (37)

	.  reduce 37


state 56
	repeat_sentencia : sentencia .  (38)

	.  reduce 38


state 57
	repeat_while_statement : REPEAT repeat_sentencia . WHILE '(' condicion ')' ';'  (57)
	repeat_while_statement : REPEAT repeat_sentencia . WHILE '(' condicion ')'  (58)
	repeat_while_statement : REPEAT repeat_sentencia . WHILE '(' ')' ';'  (60)
	repeat_while_statement : REPEAT repeat_sentencia . WHILE condicion ';'  (61)
	repeat_while_statement : REPEAT repeat_sentencia . error '(' condicion ')' ';'  (62)

	error  shift 104
	WHILE  shift 105
	.  error


state 58
	goto_statement : GOTO error .  (121)

	.  reduce 121


state 59
	goto_statement : GOTO T_ETIQUETA . ';'  (118)
	goto_statement : GOTO T_ETIQUETA .  (120)

	';'  shift 106
	error  reduce 120
	IF  reduce 120
	ELSE  reduce 120
	BEGIN  reduce 120
	END  reduce 120
	END_IF  reduce 120
	OUTF  reduce 120
	TYPEDEF  reduce 120
	RET  reduce 120
	REPEAT  reduce 120
	WHILE  reduce 120
	GOTO  reduce 120
	LONGINT  reduce 120
	DOUBLE  reduce 120
	T_ID  reduce 120
	T_ETIQUETA  reduce 120
	')'  reduce 120


state 60
	goto_statement : GOTO ';' .  (119)

	.  reduce 119


state 61
	IDENTIFIER_LIST : T_ID error . acceso_par  (113)

	T_ID  shift 107
	.  error

	acceso_par  goto 108


state 62
	acceso_par : T_ID T_CADENA .  (117)

	.  reduce 117


state 63
	acceso_par : T_ID '{' . T_CTE '}'  (115)
	acceso_par : T_ID '{' . '}'  (116)

	T_CTE  shift 109
	'}'  shift 110
	.  error


state 64
	bloque_sentencias : BEGIN sentencias END .  (4)

	.  reduce 4


state 65
	sentencias : sentencias sentencia .  (7)

	.  reduce 7


state 66
	declaracion_funcion : tipo FUN . nombre '(' parametro ')' bloque_sentencias  (27)
	declaracion_funcion : tipo FUN . nombre '(' parametros_error ')' bloque_sentencias  (28)
	declaracion_funcion : tipo FUN . nombre '(' tipo ')' bloque_sentencias  (29)
	declaracion_funcion : tipo FUN . '(' tipo T_ID ')' bloque_sentencias  (31)
	declaracion_funcion : tipo FUN . nombre '(' parametro ')' bloque_sentencias ';'  (32)

	T_ID  shift 111
	'('  shift 112
	.  error

	nombre  goto 113


state 67
	lista_var : T_ID .  (24)
	nombre : T_ID .  (26)

	error  reduce 24
	T_ID  reduce 24
	'('  reduce 26
	';'  reduce 24
	','  reduce 24


state 68
	declaracion : tipo ';' .  (22)

	.  reduce 22


state 69
	declaracion_funcion : tipo nombre . '(' tipo T_ID ')' bloque_sentencias  (30)

	'('  shift 114
	.  error


state 70
	declaracion : tipo lista_var . ';'  (20)
	declaracion : tipo lista_var . error  (21)
	lista_var : lista_var . ',' T_ID  (23)
	lista_var : lista_var . T_ID  (25)

	error  shift 115
	T_ID  shift 116
	';'  shift 117
	','  shift 118
	.  error


state 71
	asignacion : IDENTIFIER_LIST T_ASIGNACION . expresion_list error  (103)
	asignacion : IDENTIFIER_LIST T_ASIGNACION . expresion_list ';'  (104)
	asignacion : IDENTIFIER_LIST T_ASIGNACION . ';'  (105)

	error  shift 31
	T_ID  shift 35
	T_CTE  shift 36
	'-'  shift 37
	';'  shift 119
	.  error

	expresion  goto 120
	expresion_list  goto 121
	acceso_par  goto 45
	invocacion_funcion  goto 46
	unaria  goto 47


state 72
	IDENTIFIER_LIST : IDENTIFIER_LIST ',' . T_ID  (108)
	IDENTIFIER_LIST : IDENTIFIER_LIST ',' . acceso_par  (109)

	T_ID  shift 122
	.  error

	acceso_par  goto 123


state 73
	IDENTIFIER_LIST : acceso_par error . acceso_par  (112)
	IDENTIFIER_LIST : acceso_par error . T_ID  (114)

	T_ID  shift 124
	.  error

	acceso_par  goto 125


state 74
	invocacion_funcion : T_ID '(' . parametro_real ')'  (122)
	invocacion_funcion : T_ID '(' . error ')'  (123)

	error  shift 126
	T_ID  shift 127
	T_CTE  shift 128
	'-'  shift 37
	.  error

	acceso_par  goto 129
	parametro_real  goto 130
	expresion_aritmetica  goto 131
	unaria  goto 132


state 75
	unaria : '-' T_CTE .  (143)

	.  reduce 143


state 76
	if_statement : IF '(' ')' . THEN repeat_sentencia END_IF ';'  (47)
	if_statement : IF '(' ')' . THEN repeat_sentencia ELSE repeat_sentencia END_IF ';'  (48)

	THEN  shift 133
	.  error


state 77
	if_statement : IF '(' condicion . ')' THEN repeat_sentencia END_IF ';'  (42)
	if_statement : IF '(' condicion . ')' THEN repeat_sentencia ELSE repeat_sentencia END_IF ';'  (43)
	if_statement : IF '(' condicion . ')' THEN repeat_sentencia repeat_sentencia END_IF ';'  (44)
	if_statement : IF '(' condicion . ')' THEN repeat_sentencia END_IF  (45)
	if_statement : IF '(' condicion . ')' THEN repeat_sentencia ELSE repeat_sentencia END_IF  (46)
	if_statement : IF '(' condicion . ')' repeat_sentencia END_IF ';'  (49)
	if_statement : IF '(' condicion . ')' repeat_sentencia ELSE repeat_sentencia END_IF ';'  (50)
	if_statement : IF '(' condicion . ')' THEN END_IF ';'  (51)
	if_statement : IF '(' condicion . ')' THEN ELSE END_IF ';'  (52)
	if_statement : IF '(' condicion . ')' THEN repeat_sentencia error ';'  (55)
	if_statement : IF '(' condicion . ')' THEN repeat_sentencia ELSE repeat_sentencia error ';'  (56)

	')'  shift 134
	.  error


state 78
	condicion : expresion error . expresion  (94)

	error  shift 31
	T_ID  shift 35
	T_CTE  shift 36
	'-'  shift 37
	.  error

	expresion  goto 135
	acceso_par  goto 45
	invocacion_funcion  goto 46
	unaria  goto 47


state 79
	expresion : expresion '+' . expresion  (133)

	error  shift 31
	T_ID  shift 35
	T_CTE  shift 36
	'-'  shift 37
	.  error

	expresion  goto 136
	acceso_par  goto 45
	invocacion_funcion  goto 46
	unaria  goto 47


state 80
	expresion : expresion '-' . expresion  (134)

	error  shift 31
	T_ID  shift 35
	T_CTE  shift 36
	'-'  shift 37
	.  error

	expresion  goto 137
	acceso_par  goto 45
	invocacion_funcion  goto 46
	unaria  goto 47


state 81
	expresion : expresion '*' . expresion  (135)

	error  shift 31
	T_ID  shift 35
	T_CTE  shift 36
	'-'  shift 37
	.  error

	expresion  goto 138
	acceso_par  goto 45
	invocacion_funcion  goto 46
	unaria  goto 47


state 82
	expresion : expresion '/' . expresion  (136)

	error  shift 31
	T_ID  shift 35
	T_CTE  shift 36
	'-'  shift 37
	.  error

	expresion  goto 139
	acceso_par  goto 45
	invocacion_funcion  goto 46
	unaria  goto 47


state 83
	condicion : expresion comparador . expresion  (93)
	condicion : expresion comparador .  (95)

	error  shift 31
	T_ID  shift 35
	T_CTE  shift 36
	'-'  shift 37
	THEN  reduce 95
	')'  reduce 95
	';'  reduce 95

	expresion  goto 140
	acceso_par  goto 45
	invocacion_funcion  goto 46
	unaria  goto 47


state 84
	if_statement : IF condicion THEN . repeat_sentencia END_IF ';'  (53)
	if_statement : IF condicion THEN . repeat_sentencia ELSE repeat_sentencia END_IF ';'  (54)

	IF  shift 6
	BEGIN  shift 1
	OUTF  shift 8
	TYPEDEF  shift 9
	RET  shift 10
	REPEAT  shift 11
	GOTO  shift 12
	LONGINT  shift 13
	DOUBLE  shift 14
	T_ID  shift 15
	T_ETIQUETA  shift 16
	.  error

	bloque_sentencias  goto 55
	sentencia  goto 56
	declaracion  goto 19
	asignacion  goto 20
	if_statement  goto 21
	repeat_while_statement  goto 22
	salida  goto 23
	declaracion_funcion  goto 24
	goto_statement  goto 25
	sentencia_declarativa_tipos  goto 26
	tipo  goto 27
	repeat_sentencia  goto 141
	IDENTIFIER_LIST  goto 28
	acceso_par  goto 29


state 85
	condicion : comparador expresion .  (96)
	expresion : expresion . '+' expresion  (133)
	expresion : expresion . '-' expresion  (134)
	expresion : expresion . '*' expresion  (135)
	expresion : expresion . '/' expresion  (136)

	'+'  shift 79
	'-'  shift 80
	'*'  shift 81
	'/'  shift 82
	THEN  reduce 96
	')'  reduce 96
	';'  reduce 96


state 86
	salida : OUTF '(' T_CADENA . ')' ';'  (63)
	salida : OUTF '(' T_CADENA . ')'  (66)

	')'  shift 142
	.  error


state 87
	tipo : T_ID .  (41)
	IDENTIFIER_LIST : T_ID .  (110)
	IDENTIFIER_LIST : T_ID . error acceso_par  (113)
	acceso_par : T_ID . '{' T_CTE '}'  (115)
	acceso_par : T_ID . '{' '}'  (116)
	acceso_par : T_ID . T_CADENA  (117)
	invocacion_funcion : T_ID . '(' parametro_real ')'  (122)
	invocacion_funcion : T_ID . '(' error ')'  (123)
	expresion : T_ID .  (138)

	error  shift 61
	T_CADENA  shift 62
	'('  shift 74
	'{'  shift 63
	FUN  reduce 41
	T_ASIGNACION  reduce 110
	T_ID  reduce 41
	'+'  reduce 138
	'-'  reduce 138
	'*'  reduce 138
	'/'  reduce 138
	')'  reduce 138
	';'  reduce 41
	','  reduce 110


state 88
	salida : OUTF '(' ')' . ';'  (68)

	';'  shift 143
	.  error


state 89
	salida : OUTF '(' sentencia . ')' ';'  (67)

	')'  shift 144
	.  error


state 90
	salida : OUTF '(' expresion . ')' ';'  (64)
	salida : OUTF '(' expresion . ')'  (65)
	expresion : expresion . '+' expresion  (133)
	expresion : expresion . '-' expresion  (134)
	expresion : expresion . '*' expresion  (135)
	expresion : expresion . '/' expresion  (136)

	'+'  shift 79
	'-'  shift 80
	'*'  shift 81
	'/'  shift 82
	')'  shift 145
	.  error


state 91
	IDENTIFIER_LIST : acceso_par .  (111)
	IDENTIFIER_LIST : acceso_par . error acceso_par  (112)
	IDENTIFIER_LIST : acceso_par . error T_ID  (114)
	expresion : acceso_par .  (139)

	error  shift 73
	T_ASIGNACION  reduce 111
	'+'  reduce 139
	'-'  reduce 139
	'*'  reduce 139
	'/'  reduce 139
	')'  reduce 139
	','  reduce 111


state 92
	sentencia_declarativa_tipos : TYPEDEF PAIR LONGINT . T_ID ';'  (74)

	T_ID  shift 146
	.  error


state 93
	sentencia_declarativa_tipos : TYPEDEF PAIR DOUBLE . T_ID ';'  (73)

	T_ID  shift 147
	.  error


state 94
	sentencia_declarativa_tipos : TYPEDEF PAIR '<' . LONGINT '>' T_ID ';'  (70)
	sentencia_declarativa_tipos : TYPEDEF PAIR '<' . DOUBLE '>' T_ID ';'  (71)
	sentencia_declarativa_tipos : TYPEDEF PAIR '<' . '>' T_ID ';'  (72)
	sentencia_declarativa_tipos : TYPEDEF PAIR '<' . T_ID '>' T_ID ';'  (76)
	sentencia_declarativa_tipos : TYPEDEF PAIR '<' . LONGINT '>' T_ID  (77)
	sentencia_declarativa_tipos : TYPEDEF PAIR '<' . DOUBLE '>' T_ID  (78)
	sentencia_declarativa_tipos : TYPEDEF PAIR '<' . LONGINT '>' ';'  (81)
	sentencia_declarativa_tipos : TYPEDEF PAIR '<' . DOUBLE '>' ';'  (82)

	LONGINT  shift 148
	DOUBLE  shift 149
	T_ID  shift 150
	'>'  shift 151
	.  error


state 95
	tipo : T_ID .  (41)

	.  reduce 41


state 96
	sentencia_declarativa_tipos : TYPEDEF T_ASIGNACION tipo . subrango ';'  (83)

	error  shift 152
	'{'  shift 153
	.  error

	subrango  goto 154


state 97
	sentencia_declarativa_tipos : TYPEDEF T_ID T_ASIGNACION . tipo subrango ';'  (69)
	sentencia_declarativa_tipos : TYPEDEF T_ID T_ASIGNACION . tipo subrango  (75)
	sentencia_declarativa_tipos : TYPEDEF T_ID T_ASIGNACION . subrango ';'  (84)
	sentencia_declarativa_tipos : TYPEDEF T_ID T_ASIGNACION . tipo ';'  (85)

	error  shift 152
	LONGINT  shift 13
	DOUBLE  shift 14
	T_ID  shift 95
	'{'  shift 153
	.  error

	tipo  goto 155
	subrango  goto 156


state 98
	sentencia_declarativa_tipos : TYPEDEF T_ID tipo . subrango ';'  (86)

	error  shift 152
	'{'  shift 153
	.  error

	subrango  goto 157


state 99
	sentencia_declarativa_tipos : TYPEDEF '<' LONGINT . '>' T_ID ';'  (79)

	'>'  shift 158
	.  error


state 100
	sentencia_declarativa_tipos : TYPEDEF '<' DOUBLE . '>' T_ID ';'  (80)

	'>'  shift 159
	.  error


state 101
	sentencia : RET '(' ')' . ';'  (19)

	';'  shift 160
	.  error


state 102
	sentencia : RET '(' expresion . ')' ';'  (17)
	sentencia : RET '(' expresion . ')'  (18)
	expresion : expresion . '+' expresion  (133)
	expresion : expresion . '-' expresion  (134)
	expresion : expresion . '*' expresion  (135)
	expresion : expresion . '/' expresion  (136)

	'+'  shift 79
	'-'  shift 80
	'*'  shift 81
	'/'  shift 82
	')'  shift 161
	.  error


state 103
	repeat_while_statement : REPEAT WHILE '(' . condicion ')'  (59)

	error  shift 31
	MENOR_IGUAL  shift 32
	MAYOR_IGUAL  shift 33
	DISTINTO  shift 34
	T_ID  shift 35
	T_CTE  shift 36
	'-'  shift 37
	'<'  shift 39
	'>'  shift 40
	'='  shift 41
	.  error

	expresion  goto 42
	condicion  goto 162
	comparador  goto 44
	acceso_par  goto 45
	invocacion_funcion  goto 46
	unaria  goto 47


state 104
	repeat_while_statement : REPEAT repeat_sentencia error . '(' condicion ')' ';'  (62)

	'('  shift 163
	.  error


state 105
	repeat_while_statement : REPEAT repeat_sentencia WHILE . '(' condicion ')' ';'  (57)
	repeat_while_statement : REPEAT repeat_sentencia WHILE . '(' condicion ')'  (58)
	repeat_while_statement : REPEAT repeat_sentencia WHILE . '(' ')' ';'  (60)
	repeat_while_statement : REPEAT repeat_sentencia WHILE . condicion ';'  (61)

	error  shift 31
	MENOR_IGUAL  shift 32
	MAYOR_IGUAL  shift 33
	DISTINTO  shift 34
	T_ID  shift 35
	T_CTE  shift 36
	'-'  shift 37
	'('  shift 164
	'<'  shift 39
	'>'  shift 40
	'='  shift 41
	.  error

	expresion  goto 42
	condicion  goto 165
	comparador  goto 44
	acceso_par  goto 45
	invocacion_funcion  goto 46
	unaria  goto 47


state 106
	goto_statement : GOTO T_ETIQUETA ';' .  (118)

	.  reduce 118


state 107
	acceso_par : T_ID . '{' T_CTE '}'  (115)
	acceso_par : T_ID . '{' '}'  (116)
	acceso_par : T_ID . T_CADENA  (117)

	T_CADENA  shift 62
	'{'  shift 63
	.  error


state 108
	IDENTIFIER_LIST : T_ID error acceso_par .  (113)

	.  reduce 113


state 109
	acceso_par : T_ID '{' T_CTE . '}'  (115)

	'}'  shift 166
	.  error


state 110
	acceso_par : T_ID '{' '}' .  (116)

	.  reduce 116


state 111
	nombre : T_ID .  (26)

	.  reduce 26


state 112
	declaracion_funcion : tipo FUN '(' . tipo T_ID ')' bloque_sentencias  (31)

	LONGINT  shift 13
	DOUBLE  shift 14
	T_ID  shift 95
	.  error

	tipo  goto 167


state 113
	declaracion_funcion : tipo FUN nombre . '(' parametro ')' bloque_sentencias  (27)
	declaracion_funcion : tipo FUN nombre . '(' parametros_error ')' bloque_sentencias  (28)
	declaracion_funcion : tipo FUN nombre . '(' tipo ')' bloque_sentencias  (29)
	declaracion_funcion : tipo FUN nombre . '(' parametro ')' bloque_sentencias ';'  (32)

	'('  shift 168
	.  error


state 114
	declaracion_funcion : tipo nombre '(' . tipo T_ID ')' bloque_sentencias  (30)

	LONGINT  shift 13
	DOUBLE  shift 14
	T_ID  shift 95
	.  error

	tipo  goto 169


state 115
	declaracion : tipo lista_var error .  (21)

	.  reduce 21


state 116
	lista_var : lista_var T_ID .  (25)

	.  reduce 25


state 117
	declaracion : tipo lista_var ';' .  (20)

	.  reduce 20


state 118
	lista_var : lista_var ',' . T_ID  (23)

	T_ID  shift 170
	.  error


state 119
	asignacion : IDENTIFIER_LIST T_ASIGNACION ';' .  (105)

	.  reduce 105


state 120
	expresion_list : expresion .  (106)
	expresion : expresion . '+' expresion  (133)
	expresion : expresion . '-' expresion  (134)
	expresion : expresion . '*' expresion  (135)
	expresion : expresion . '/' expresion  (136)

	'+'  shift 79
	'-'  shift 80
	'*'  shift 81
	'/'  shift 82
	error  reduce 106
	';'  reduce 106
	','  reduce 106


state 121
	asignacion : IDENTIFIER_LIST T_ASIGNACION expresion_list . error  (103)
	asignacion : IDENTIFIER_LIST T_ASIGNACION expresion_list . ';'  (104)
	expresion_list : expresion_list . ',' expresion  (107)

	error  shift 171
	';'  shift 172
	','  shift 173
	.  error


state 122
	IDENTIFIER_LIST : IDENTIFIER_LIST ',' T_ID .  (108)
	acceso_par : T_ID . '{' T_CTE '}'  (115)
	acceso_par : T_ID . '{' '}'  (116)
	acceso_par : T_ID . T_CADENA  (117)

	T_CADENA  shift 62
	'{'  shift 63
	T_ASIGNACION  reduce 108
	','  reduce 108


state 123
	IDENTIFIER_LIST : IDENTIFIER_LIST ',' acceso_par .  (109)

	.  reduce 109


state 124
	IDENTIFIER_LIST : acceso_par error T_ID .  (114)
	acceso_par : T_ID . '{' T_CTE '}'  (115)
	acceso_par : T_ID . '{' '}'  (116)
	acceso_par : T_ID . T_CADENA  (117)

	T_CADENA  shift 62
	'{'  shift 63
	T_ASIGNACION  reduce 114
	','  reduce 114


state 125
	IDENTIFIER_LIST : acceso_par error acceso_par .  (112)

	.  reduce 112


state 126
	invocacion_funcion : T_ID '(' error . ')'  (123)

	')'  shift 174
	.  error


state 127
	acceso_par : T_ID . '{' T_CTE '}'  (115)
	acceso_par : T_ID . '{' '}'  (116)
	acceso_par : T_ID . T_CADENA  (117)
	expresion_aritmetica : T_ID .  (130)

	T_CADENA  shift 62
	'{'  shift 63
	'+'  reduce 130
	'-'  reduce 130
	'*'  reduce 130
	'/'  reduce 130
	')'  reduce 130


state 128
	expresion_aritmetica : T_CTE .  (129)

	.  reduce 129


state 129
	expresion_aritmetica : acceso_par .  (131)

	.  reduce 131


state 130
	invocacion_funcion : T_ID '(' parametro_real . ')'  (122)

	')'  shift 175
	.  error


state 131
	parametro_real : expresion_aritmetica .  (124)
	expresion_aritmetica : expresion_aritmetica . '+' expresion_aritmetica  (125)
	expresion_aritmetica : expresion_aritmetica . '-' expresion_aritmetica  (126)
	expresion_aritmetica : expresion_aritmetica . '*' expresion_aritmetica  (127)
	expresion_aritmetica : expresion_aritmetica . '/' expresion_aritmetica  (128)

	'+'  shift 176
	'-'  shift 177
	'*'  shift 178
	'/'  shift 179
	')'  reduce 124


state 132
	expresion_aritmetica : unaria .  (132)

	.  reduce 132


state 133
	if_statement : IF '(' ')' THEN . repeat_sentencia END_IF ';'  (47)
	if_statement : IF '(' ')' THEN . repeat_sentencia ELSE repeat_sentencia END_IF ';'  (48)

	IF  shift 6
	BEGIN  shift 1
	OUTF  shift 8
	TYPEDEF  shift 9
	RET  shift 10
	REPEAT  shift 11
	GOTO  shift 12
	LONGINT  shift 13
	DOUBLE  shift 14
	T_ID  shift 15
	T_ETIQUETA  shift 16
	.  error

	bloque_sentencias  goto 55
	sentencia  goto 56
	declaracion  goto 19
	asignacion  goto 20
	if_statement  goto 21
	repeat_while_statement  goto 22
	salida  goto 23
	declaracion_funcion  goto 24
	goto_statement  goto 25
	sentencia_declarativa_tipos  goto 26
	tipo  goto 27
	repeat_sentencia  goto 180
	IDENTIFIER_LIST  goto 28
	acceso_par  goto 29


state 134
	if_statement : IF '(' condicion ')' . THEN repeat_sentencia END_IF ';'  (42)
	if_statement : IF '(' condicion ')' . THEN repeat_sentencia ELSE repeat_sentencia END_IF ';'  (43)
	if_statement : IF '(' condicion ')' . THEN repeat_sentencia repeat_sentencia END_IF ';'  (44)
	if_statement : IF '(' condicion ')' . THEN repeat_sentencia END_IF  (45)
	if_statement : IF '(' condicion ')' . THEN repeat_sentencia ELSE repeat_sentencia END_IF  (46)
	if_statement : IF '(' condicion ')' . repeat_sentencia END_IF ';'  (49)
	if_statement : IF '(' condicion ')' . repeat_sentencia ELSE repeat_sentencia END_IF ';'  (50)
	if_statement : IF '(' condicion ')' . THEN END_IF ';'  (51)
	if_statement : IF '(' condicion ')' . THEN ELSE END_IF ';'  (52)
	if_statement : IF '(' condicion ')' . THEN repeat_sentencia error ';'  (55)
	if_statement : IF '(' condicion ')' . THEN repeat_sentencia ELSE repeat_sentencia error ';'  (56)

	IF  shift 6
	THEN  shift 181
	BEGIN  shift 1
	OUTF  shift 8
	TYPEDEF  shift 9
	RET  shift 10
	REPEAT  shift 11
	GOTO  shift 12
	LONGINT  shift 13
	DOUBLE  shift 14
	T_ID  shift 15
	T_ETIQUETA  shift 16
	.  error

	bloque_sentencias  goto 55
	sentencia  goto 56
	declaracion  goto 19
	asignacion  goto 20
	if_statement  goto 21
	repeat_while_statement  goto 22
	salida  goto 23
	declaracion_funcion  goto 24
	goto_statement  goto 25
	sentencia_declarativa_tipos  goto 26
	tipo  goto 27
	repeat_sentencia  goto 182
	IDENTIFIER_LIST  goto 28
	acceso_par  goto 29


state 135
	condicion : expresion error expresion .  (94)
	expresion : expresion . '+' expresion  (133)
	expresion : expresion . '-' expresion  (134)
	expresion : expresion . '*' expresion  (135)
	expresion : expresion . '/' expresion  (136)

	'+'  shift 79
	'-'  shift 80
	'*'  shift 81
	'/'  shift 82
	THEN  reduce 94
	')'  reduce 94
	';'  reduce 94


state 136
	expresion : expresion . '+' expresion  (133)
	expresion : expresion '+' expresion .  (133)
	expresion : expresion . '-' expresion  (134)
	expresion : expresion . '*' expresion  (135)
	expresion : expresion . '/' expresion  (136)

	'*'  shift 81
	'/'  shift 82
	error  reduce 133
	THEN  reduce 133
	MENOR_IGUAL  reduce 133
	MAYOR_IGUAL  reduce 133
	DISTINTO  reduce 133
	'+'  reduce 133
	'-'  reduce 133
	')'  reduce 133
	';'  reduce 133
	','  reduce 133
	'<'  reduce 133
	'>'  reduce 133
	'='  reduce 133


state 137
	expresion : expresion . '+' expresion  (133)
	expresion : expresion . '-' expresion  (134)
	expresion : expresion '-' expresion .  (134)
	expresion : expresion . '*' expresion  (135)
	expresion : expresion . '/' expresion  (136)

	'*'  shift 81
	'/'  shift 82
	error  reduce 134
	THEN  reduce 134
	MENOR_IGUAL  reduce 134
	MAYOR_IGUAL  reduce 134
	DISTINTO  reduce 134
	'+'  reduce 134
	'-'  reduce 134
	')'  reduce 134
	';'  reduce 134
	','  reduce 134
	'<'  reduce 134
	'>'  reduce 134
	'='  reduce 134


state 138
	expresion : expresion . '+' expresion  (133)
	expresion : expresion . '-' expresion  (134)
	expresion : expresion . '*' expresion  (135)
	expresion : expresion '*' expresion .  (135)
	expresion : expresion . '/' expresion  (136)

	.  reduce 135


state 139
	expresion : expresion . '+' expresion  (133)
	expresion : expresion . '-' expresion  (134)
	expresion : expresion . '*' expresion  (135)
	expresion : expresion . '/' expresion  (136)
	expresion : expresion '/' expresion .  (136)

	.  reduce 136


state 140
	condicion : expresion comparador expresion .  (93)
	expresion : expresion . '+' expresion  (133)
	expresion : expresion . '-' expresion  (134)
	expresion : expresion . '*' expresion  (135)
	expresion : expresion . '/' expresion  (136)

	'+'  shift 79
	'-'  shift 80
	'*'  shift 81
	'/'  shift 82
	THEN  reduce 93
	')'  reduce 93
	';'  reduce 93


state 141
	if_statement : IF condicion THEN repeat_sentencia . END_IF ';'  (53)
	if_statement : IF condicion THEN repeat_sentencia . ELSE repeat_sentencia END_IF ';'  (54)

	ELSE  shift 183
	END_IF  shift 184
	.  error


state 142
	salida : OUTF '(' T_CADENA ')' . ';'  (63)
	salida : OUTF '(' T_CADENA ')' .  (66)

	';'  shift 185
	error  reduce 66
	IF  reduce 66
	ELSE  reduce 66
	BEGIN  reduce 66
	END  reduce 66
	END_IF  reduce 66
	OUTF  reduce 66
	TYPEDEF  reduce 66
	RET  reduce 66
	REPEAT  reduce 66
	WHILE  reduce 66
	GOTO  reduce 66
	LONGINT  reduce 66
	DOUBLE  reduce 66
	T_ID  reduce 66
	T_ETIQUETA  reduce 66
	')'  reduce 66


state 143
	salida : OUTF '(' ')' ';' .  (68)

	.  reduce 68


state 144
	salida : OUTF '(' sentencia ')' . ';'  (67)

	';'  shift 186
	.  error


state 145
	salida : OUTF '(' expresion ')' . ';'  (64)
	salida : OUTF '(' expresion ')' .  (65)

	';'  shift 187
	error  reduce 65
	IF  reduce 65
	ELSE  reduce 65
	BEGIN  reduce 65
	END  reduce 65
	END_IF  reduce 65
	OUTF  reduce 65
	TYPEDEF  reduce 65
	RET  reduce 65
	REPEAT  reduce 65
	WHILE  reduce 65
	GOTO  reduce 65
	LONGINT  reduce 65
	DOUBLE  reduce 65
	T_ID  reduce 65
	T_ETIQUETA  reduce 65
	')'  reduce 65


state 146
	sentencia_declarativa_tipos : TYPEDEF PAIR LONGINT T_ID . ';'  (74)

	';'  shift 188
	.  error


state 147
	sentencia_declarativa_tipos : TYPEDEF PAIR DOUBLE T_ID . ';'  (73)

	';'  shift 189
	.  error


state 148
	sentencia_declarativa_tipos : TYPEDEF PAIR '<' LONGINT . '>' T_ID ';'  (70)
	sentencia_declarativa_tipos : TYPEDEF PAIR '<' LONGINT . '>' T_ID  (77)
	sentencia_declarativa_tipos : TYPEDEF PAIR '<' LONGINT . '>' ';'  (81)

	'>'  shift 190
	.  error


state 149
	sentencia_declarativa_tipos : TYPEDEF PAIR '<' DOUBLE . '>' T_ID ';'  (71)
	sentencia_declarativa_tipos : TYPEDEF PAIR '<' DOUBLE . '>' T_ID  (78)
	sentencia_declarativa_tipos : TYPEDEF PAIR '<' DOUBLE . '>' ';'  (82)

	'>'  shift 191
	.  error


state 150
	sentencia_declarativa_tipos : TYPEDEF PAIR '<' T_ID . '>' T_ID ';'  (76)

	'>'  shift 192
	.  error


state 151
	sentencia_declarativa_tipos : TYPEDEF PAIR '<' '>' . T_ID ';'  (72)

	T_ID  shift 193
	.  error


state 152
	subrango : error .  (92)

	.  reduce 92


state 153
	subrango : '{' . T_CTE ',' T_CTE '}'  (87)
	subrango : '{' . '-' T_CTE ',' T_CTE '}'  (88)
	subrango : '{' . T_CTE ',' '-' T_CTE '}'  (89)
	subrango : '{' . '-' T_CTE ',' '-' T_CTE '}'  (90)
	subrango : '{' . '}'  (91)

	T_CTE  shift 194
	'-'  shift 195
	'}'  shift 196
	.  error


state 154
	sentencia_declarativa_tipos : TYPEDEF T_ASIGNACION tipo subrango . ';'  (83)

	';'  shift 197
	.  error


state 155
	sentencia_declarativa_tipos : TYPEDEF T_ID T_ASIGNACION tipo . subrango ';'  (69)
	sentencia_declarativa_tipos : TYPEDEF T_ID T_ASIGNACION tipo . subrango  (75)
	sentencia_declarativa_tipos : TYPEDEF T_ID T_ASIGNACION tipo . ';'  (85)

	error  shift 152
	';'  shift 198
	'{'  shift 153
	.  error

	subrango  goto 199


state 156
	sentencia_declarativa_tipos : TYPEDEF T_ID T_ASIGNACION subrango . ';'  (84)

	';'  shift 200
	.  error


state 157
	sentencia_declarativa_tipos : TYPEDEF T_ID tipo subrango . ';'  (86)

	';'  shift 201
	.  error


state 158
	sentencia_declarativa_tipos : TYPEDEF '<' LONGINT '>' . T_ID ';'  (79)

	T_ID  shift 202
	.  error


state 159
	sentencia_declarativa_tipos : TYPEDEF '<' DOUBLE '>' . T_ID ';'  (80)

	T_ID  shift 203
	.  error


state 160
	sentencia : RET '(' ')' ';' .  (19)

	.  reduce 19


state 161
	sentencia : RET '(' expresion ')' . ';'  (17)
	sentencia : RET '(' expresion ')' .  (18)

	';'  shift 204
	error  reduce 18
	IF  reduce 18
	ELSE  reduce 18
	BEGIN  reduce 18
	END  reduce 18
	END_IF  reduce 18
	OUTF  reduce 18
	TYPEDEF  reduce 18
	RET  reduce 18
	REPEAT  reduce 18
	WHILE  reduce 18
	GOTO  reduce 18
	LONGINT  reduce 18
	DOUBLE  reduce 18
	T_ID  reduce 18
	T_ETIQUETA  reduce 18
	')'  reduce 18


state 162
	repeat_while_statement : REPEAT WHILE '(' condicion . ')'  (59)

	')'  shift 205
	.  error


state 163
	repeat_while_statement : REPEAT repeat_sentencia error '(' . condicion ')' ';'  (62)

	error  shift 31
	MENOR_IGUAL  shift 32
	MAYOR_IGUAL  shift 33
	DISTINTO  shift 34
	T_ID  shift 35
	T_CTE  shift 36
	'-'  shift 37
	'<'  shift 39
	'>'  shift 40
	'='  shift 41
	.  error

	expresion  goto 42
	condicion  goto 206
	comparador  goto 44
	acceso_par  goto 45
	invocacion_funcion  goto 46
	unaria  goto 47


state 164
	repeat_while_statement : REPEAT repeat_sentencia WHILE '(' . condicion ')' ';'  (57)
	repeat_while_statement : REPEAT repeat_sentencia WHILE '(' . condicion ')'  (58)
	repeat_while_statement : REPEAT repeat_sentencia WHILE '(' . ')' ';'  (60)

	error  shift 31
	MENOR_IGUAL  shift 32
	MAYOR_IGUAL  shift 33
	DISTINTO  shift 34
	T_ID  shift 35
	T_CTE  shift 36
	'-'  shift 37
	')'  shift 207
	'<'  shift 39
	'>'  shift 40
	'='  shift 41
	.  error

	expresion  goto 42
	condicion  goto 208
	comparador  goto 44
	acceso_par  goto 45
	invocacion_funcion  goto 46
	unaria  goto 47


state 165
	repeat_while_statement : REPEAT repeat_sentencia WHILE condicion . ';'  (61)

	';'  shift 209
	.  error


state 166
	acceso_par : T_ID '{' T_CTE '}' .  (115)

	.  reduce 115


state 167
	declaracion_funcion : tipo FUN '(' tipo . T_ID ')' bloque_sentencias  (31)

	T_ID  shift 210
	.  error


state 168
	declaracion_funcion : tipo FUN nombre '(' . parametro ')' bloque_sentencias  (27)
	declaracion_funcion : tipo FUN nombre '(' . parametros_error ')' bloque_sentencias  (28)
	declaracion_funcion : tipo FUN nombre '(' . tipo ')' bloque_sentencias  (29)
	declaracion_funcion : tipo FUN nombre '(' . parametro ')' bloque_sentencias ';'  (32)
	parametros_error : .  (36)

	LONGINT  shift 13
	DOUBLE  shift 14
	T_ID  shift 95
	')'  reduce 36
	','  reduce 36

	tipo  goto 211
	parametro  goto 212
	parametros_error  goto 213


state 169
	declaracion_funcion : tipo nombre '(' tipo . T_ID ')' bloque_sentencias  (30)

	T_ID  shift 214
	.  error


state 170
	lista_var : lista_var ',' T_ID .  (23)

	.  reduce 23


state 171
	asignacion : IDENTIFIER_LIST T_ASIGNACION expresion_list error .  (103)

	.  reduce 103


state 172
	asignacion : IDENTIFIER_LIST T_ASIGNACION expresion_list ';' .  (104)

	.  reduce 104


state 173
	expresion_list : expresion_list ',' . expresion  (107)

	error  shift 31
	T_ID  shift 35
	T_CTE  shift 36
	'-'  shift 37
	.  error

	expresion  goto 215
	acceso_par  goto 45
	invocacion_funcion  goto 46
	unaria  goto 47


state 174
	invocacion_funcion : T_ID '(' error ')' .  (123)

	.  reduce 123


state 175
	invocacion_funcion : T_ID '(' parametro_real ')' .  (122)

	.  reduce 122


state 176
	expresion_aritmetica : expresion_aritmetica '+' . expresion_aritmetica  (125)

	T_ID  shift 127
	T_CTE  shift 128
	'-'  shift 37
	.  error

	acceso_par  goto 129
	expresion_aritmetica  goto 216
	unaria  goto 132


state 177
	expresion_aritmetica : expresion_aritmetica '-' . expresion_aritmetica  (126)

	T_ID  shift 127
	T_CTE  shift 128
	'-'  shift 37
	.  error

	acceso_par  goto 129
	expresion_aritmetica  goto 217
	unaria  goto 132


state 178
	expresion_aritmetica : expresion_aritmetica '*' . expresion_aritmetica  (127)

	T_ID  shift 127
	T_CTE  shift 128
	'-'  shift 37
	.  error

	acceso_par  goto 129
	expresion_aritmetica  goto 218
	unaria  goto 132


state 179
	expresion_aritmetica : expresion_aritmetica '/' . expresion_aritmetica  (128)

	T_ID  shift 127
	T_CTE  shift 128
	'-'  shift 37
	.  error

	acceso_par  goto 129
	expresion_aritmetica  goto 219
	unaria  goto 132


state 180
	if_statement : IF '(' ')' THEN repeat_sentencia . END_IF ';'  (47)
	if_statement : IF '(' ')' THEN repeat_sentencia . ELSE repeat_sentencia END_IF ';'  (48)

	ELSE  shift 220
	END_IF  shift 221
	.  error


state 181
	if_statement : IF '(' condicion ')' THEN . repeat_sentencia END_IF ';'  (42)
	if_statement : IF '(' condicion ')' THEN . repeat_sentencia ELSE repeat_sentencia END_IF ';'  (43)
	if_statement : IF '(' condicion ')' THEN . repeat_sentencia repeat_sentencia END_IF ';'  (44)
	if_statement : IF '(' condicion ')' THEN . repeat_sentencia END_IF  (45)
	if_statement : IF '(' condicion ')' THEN . repeat_sentencia ELSE repeat_sentencia END_IF  (46)
	if_statement : IF '(' condicion ')' THEN . END_IF ';'  (51)
	if_statement : IF '(' condicion ')' THEN . ELSE END_IF ';'  (52)
	if_statement : IF '(' condicion ')' THEN . repeat_sentencia error ';'  (55)
	if_statement : IF '(' condicion ')' THEN . repeat_sentencia ELSE repeat_sentencia error ';'  (56)

	IF  shift 6
	ELSE  shift 222
	BEGIN  shift 1
	END_IF  shift 223
	OUTF  shift 8
	TYPEDEF  shift 9
	RET  shift 10
	REPEAT  shift 11
	GOTO  shift 12
	LONGINT  shift 13
	DOUBLE  shift 14
	T_ID  shift 15
	T_ETIQUETA  shift 16
	.  error

	bloque_sentencias  goto 55
	sentencia  goto 56
	declaracion  goto 19
	asignacion  goto 20
	if_statement  goto 21
	repeat_while_statement  goto 22
	salida  goto 23
	declaracion_funcion  goto 24
	goto_statement  goto 25
	sentencia_declarativa_tipos  goto 26
	tipo  goto 27
	repeat_sentencia  goto 224
	IDENTIFIER_LIST  goto 28
	acceso_par  goto 29


state 182
	if_statement : IF '(' condicion ')' repeat_sentencia . END_IF ';'  (49)
	if_statement : IF '(' condicion ')' repeat_sentencia . ELSE repeat_sentencia END_IF ';'  (50)

	ELSE  shift 225
	END_IF  shift 226
	.  error


state 183
	if_statement : IF condicion THEN repeat_sentencia ELSE . repeat_sentencia END_IF ';'  (54)

	IF  shift 6
	BEGIN  shift 1
	OUTF  shift 8
	TYPEDEF  shift 9
	RET  shift 10
	REPEAT  shift 11
	GOTO  shift 12
	LONGINT  shift 13
	DOUBLE  shift 14
	T_ID  shift 15
	T_ETIQUETA  shift 16
	.  error

	bloque_sentencias  goto 55
	sentencia  goto 56
	declaracion  goto 19
	asignacion  goto 20
	if_statement  goto 21
	repeat_while_statement  goto 22
	salida  goto 23
	declaracion_funcion  goto 24
	goto_statement  goto 25
	sentencia_declarativa_tipos  goto 26
	tipo  goto 27
	repeat_sentencia  goto 227
	IDENTIFIER_LIST  goto 28
	acceso_par  goto 29


state 184
	if_statement : IF condicion THEN repeat_sentencia END_IF . ';'  (53)

	';'  shift 228
	.  error


state 185
	salida : OUTF '(' T_CADENA ')' ';' .  (63)

	.  reduce 63


state 186
	salida : OUTF '(' sentencia ')' ';' .  (67)

	.  reduce 67


state 187
	salida : OUTF '(' expresion ')' ';' .  (64)

	.  reduce 64


state 188
	sentencia_declarativa_tipos : TYPEDEF PAIR LONGINT T_ID ';' .  (74)

	.  reduce 74


state 189
	sentencia_declarativa_tipos : TYPEDEF PAIR DOUBLE T_ID ';' .  (73)

	.  reduce 73


state 190
	sentencia_declarativa_tipos : TYPEDEF PAIR '<' LONGINT '>' . T_ID ';'  (70)
	sentencia_declarativa_tipos : TYPEDEF PAIR '<' LONGINT '>' . T_ID  (77)
	sentencia_declarativa_tipos : TYPEDEF PAIR '<' LONGINT '>' . ';'  (81)

	T_ID  shift 229
	';'  shift 230
	.  error


state 191
	sentencia_declarativa_tipos : TYPEDEF PAIR '<' DOUBLE '>' . T_ID ';'  (71)
	sentencia_declarativa_tipos : TYPEDEF PAIR '<' DOUBLE '>' . T_ID  (78)
	sentencia_declarativa_tipos : TYPEDEF PAIR '<' DOUBLE '>' . ';'  (82)

	T_ID  shift 231
	';'  shift 232
	.  error


state 192
	sentencia_declarativa_tipos : TYPEDEF PAIR '<' T_ID '>' . T_ID ';'  (76)

	T_ID  shift 233
	.  error


state 193
	sentencia_declarativa_tipos : TYPEDEF PAIR '<' '>' T_ID . ';'  (72)

	';'  shift 234
	.  error


state 194
	subrango : '{' T_CTE . ',' T_CTE '}'  (87)
	subrango : '{' T_CTE . ',' '-' T_CTE '}'  (89)

	','  shift 235
	.  error


state 195
	subrango : '{' '-' . T_CTE ',' T_CTE '}'  (88)
	subrango : '{' '-' . T_CTE ',' '-' T_CTE '}'  (90)

	T_CTE  shift 236
	.  error


state 196
	subrango : '{' '}' .  (91)

	.  reduce 91


state 197
	sentencia_declarativa_tipos : TYPEDEF T_ASIGNACION tipo subrango ';' .  (83)

	.  reduce 83


state 198
	sentencia_declarativa_tipos : TYPEDEF T_ID T_ASIGNACION tipo ';' .  (85)

	.  reduce 85


state 199
	sentencia_declarativa_tipos : TYPEDEF T_ID T_ASIGNACION tipo subrango . ';'  (69)
	sentencia_declarativa_tipos : TYPEDEF T_ID T_ASIGNACION tipo subrango .  (75)

	';'  shift 237
	error  reduce 75
	IF  reduce 75
	ELSE  reduce 75
	BEGIN  reduce 75
	END  reduce 75
	END_IF  reduce 75
	OUTF  reduce 75
	TYPEDEF  reduce 75
	RET  reduce 75
	REPEAT  reduce 75
	WHILE  reduce 75
	GOTO  reduce 75
	LONGINT  reduce 75
	DOUBLE  reduce 75
	T_ID  reduce 75
	T_ETIQUETA  reduce 75
	')'  reduce 75


state 200
	sentencia_declarativa_tipos : TYPEDEF T_ID T_ASIGNACION subrango ';' .  (84)

	.  reduce 84


state 201
	sentencia_declarativa_tipos : TYPEDEF T_ID tipo subrango ';' .  (86)

	.  reduce 86


state 202
	sentencia_declarativa_tipos : TYPEDEF '<' LONGINT '>' T_ID . ';'  (79)

	';'  shift 238
	.  error


state 203
	sentencia_declarativa_tipos : TYPEDEF '<' DOUBLE '>' T_ID . ';'  (80)

	';'  shift 239
	.  error


state 204
	sentencia : RET '(' expresion ')' ';' .  (17)

	.  reduce 17


state 205
	repeat_while_statement : REPEAT WHILE '(' condicion ')' .  (59)

	.  reduce 59


state 206
	repeat_while_statement : REPEAT repeat_sentencia error '(' condicion . ')' ';'  (62)

	')'  shift 240
	.  error


state 207
	repeat_while_statement : REPEAT repeat_sentencia WHILE '(' ')' . ';'  (60)

	';'  shift 241
	.  error


state 208
	repeat_while_statement : REPEAT repeat_sentencia WHILE '(' condicion . ')' ';'  (57)
	repeat_while_statement : REPEAT repeat_sentencia WHILE '(' condicion . ')'  (58)

	')'  shift 242
	.  error


state 209
	repeat_while_statement : REPEAT repeat_sentencia WHILE condicion ';' .  (61)

	.  reduce 61


state 210
	declaracion_funcion : tipo FUN '(' tipo T_ID . ')' bloque_sentencias  (31)

	')'  shift 243
	.  error


state 211
	declaracion_funcion : tipo FUN nombre '(' tipo . ')' bloque_sentencias  (29)
	parametro : tipo . T_ID  (33)

	T_ID  shift 244
	')'  shift 245
	.  error


state 212
	declaracion_funcion : tipo FUN nombre '(' parametro . ')' bloque_sentencias  (27)
	declaracion_funcion : tipo FUN nombre '(' parametro . ')' bloque_sentencias ';'  (32)
	parametros_error : parametro . ',' parametro  (34)

	')'  shift 246
	','  shift 247
	.  error


state 213
	declaracion_funcion : tipo FUN nombre '(' parametros_error . ')' bloque_sentencias  (28)
	parametros_error : parametros_error . ',' parametro  (35)

	')'  shift 248
	','  shift 249
	.  error


state 214
	declaracion_funcion : tipo nombre '(' tipo T_ID . ')' bloque_sentencias  (30)

	')'  shift 250
	.  error


state 215
	expresion_list : expresion_list ',' expresion .  (107)
	expresion : expresion . '+' expresion  (133)
	expresion : expresion . '-' expresion  (134)
	expresion : expresion . '*' expresion  (135)
	expresion : expresion . '/' expresion  (136)

	'+'  shift 79
	'-'  shift 80
	'*'  shift 81
	'/'  shift 82
	error  reduce 107
	';'  reduce 107
	','  reduce 107


state 216
	expresion_aritmetica : expresion_aritmetica . '+' expresion_aritmetica  (125)
	expresion_aritmetica : expresion_aritmetica '+' expresion_aritmetica .  (125)
	expresion_aritmetica : expresion_aritmetica . '-' expresion_aritmetica  (126)
	expresion_aritmetica : expresion_aritmetica . '*' expresion_aritmetica  (127)
	expresion_aritmetica : expresion_aritmetica . '/' expresion_aritmetica  (128)

	'*'  shift 178
	'/'  shift 179
	'+'  reduce 125
	'-'  reduce 125
	')'  reduce 125


state 217
	expresion_aritmetica : expresion_aritmetica . '+' expresion_aritmetica  (125)
	expresion_aritmetica : expresion_aritmetica . '-' expresion_aritmetica  (126)
	expresion_aritmetica : expresion_aritmetica '-' expresion_aritmetica .  (126)
	expresion_aritmetica : expresion_aritmetica . '*' expresion_aritmetica  (127)
	expresion_aritmetica : expresion_aritmetica . '/' expresion_aritmetica  (128)

	'*'  shift 178
	'/'  shift 179
	'+'  reduce 126
	'-'  reduce 126
	')'  reduce 126


state 218
	expresion_aritmetica : expresion_aritmetica . '+' expresion_aritmetica  (125)
	expresion_aritmetica : expresion_aritmetica . '-' expresion_aritmetica  (126)
	expresion_aritmetica : expresion_aritmetica . '*' expresion_aritmetica  (127)
	expresion_aritmetica : expresion_aritmetica '*' expresion_aritmetica .  (127)
	expresion_aritmetica : expresion_aritmetica . '/' expresion_aritmetica  (128)

	.  reduce 127


state 219
	expresion_aritmetica : expresion_aritmetica . '+' expresion_aritmetica  (125)
	expresion_aritmetica : expresion_aritmetica . '-' expresion_aritmetica  (126)
	expresion_aritmetica : expresion_aritmetica . '*' expresion_aritmetica  (127)
	expresion_aritmetica : expresion_aritmetica . '/' expresion_aritmetica  (128)
	expresion_aritmetica : expresion_aritmetica '/' expresion_aritmetica .  (128)

	.  reduce 128


state 220
	if_statement : IF '(' ')' THEN repeat_sentencia ELSE . repeat_sentencia END_IF ';'  (48)

	IF  shift 6
	BEGIN  shift 1
	OUTF  shift 8
	TYPEDEF  shift 9
	RET  shift 10
	REPEAT  shift 11
	GOTO  shift 12
	LONGINT  shift 13
	DOUBLE  shift 14
	T_ID  shift 15
	T_ETIQUETA  shift 16
	.  error

	bloque_sentencias  goto 55
	sentencia  goto 56
	declaracion  goto 19
	asignacion  goto 20
	if_statement  goto 21
	repeat_while_statement  goto 22
	salida  goto 23
	declaracion_funcion  goto 24
	goto_statement  goto 25
	sentencia_declarativa_tipos  goto 26
	tipo  goto 27
	repeat_sentencia  goto 251
	IDENTIFIER_LIST  goto 28
	acceso_par  goto 29


state 221
	if_statement : IF '(' ')' THEN repeat_sentencia END_IF . ';'  (47)

	';'  shift 252
	.  error


state 222
	if_statement : IF '(' condicion ')' THEN ELSE . END_IF ';'  (52)

	END_IF  shift 253
	.  error


state 223
	if_statement : IF '(' condicion ')' THEN END_IF . ';'  (51)

	';'  shift 254
	.  error


state 224
	if_statement : IF '(' condicion ')' THEN repeat_sentencia . END_IF ';'  (42)
	if_statement : IF '(' condicion ')' THEN repeat_sentencia . ELSE repeat_sentencia END_IF ';'  (43)
	if_statement : IF '(' condicion ')' THEN repeat_sentencia . repeat_sentencia END_IF ';'  (44)
	if_statement : IF '(' condicion ')' THEN repeat_sentencia . END_IF  (45)
	if_statement : IF '(' condicion ')' THEN repeat_sentencia . ELSE repeat_sentencia END_IF  (46)
	if_statement : IF '(' condicion ')' THEN repeat_sentencia . error ';'  (55)
	if_statement : IF '(' condicion ')' THEN repeat_sentencia . ELSE repeat_sentencia error ';'  (56)

	error  shift 255
	IF  shift 6
	ELSE  shift 256
	BEGIN  shift 1
	END_IF  shift 257
	OUTF  shift 8
	TYPEDEF  shift 9
	RET  shift 10
	REPEAT  shift 11
	GOTO  shift 12
	LONGINT  shift 13
	DOUBLE  shift 14
	T_ID  shift 15
	T_ETIQUETA  shift 16
	.  error

	bloque_sentencias  goto 55
	sentencia  goto 56
	declaracion  goto 19
	asignacion  goto 20
	if_statement  goto 21
	repeat_while_statement  goto 22
	salida  goto 23
	declaracion_funcion  goto 24
	goto_statement  goto 25
	sentencia_declarativa_tipos  goto 26
	tipo  goto 27
	repeat_sentencia  goto 258
	IDENTIFIER_LIST  goto 28
	acceso_par  goto 29


state 225
	if_statement : IF '(' condicion ')' repeat_sentencia ELSE . repeat_sentencia END_IF ';'  (50)

	IF  shift 6
	BEGIN  shift 1
	OUTF  shift 8
	TYPEDEF  shift 9
	RET  shift 10
	REPEAT  shift 11
	GOTO  shift 12
	LONGINT  shift 13
	DOUBLE  shift 14
	T_ID  shift 15
	T_ETIQUETA  shift 16
	.  error

	bloque_sentencias  goto 55
	sentencia  goto 56
	declaracion  goto 19
	asignacion  goto 20
	if_statement  goto 21
	repeat_while_statement  goto 22
	salida  goto 23
	declaracion_funcion  goto 24
	goto_statement  goto 25
	sentencia_declarativa_tipos  goto 26
	tipo  goto 27
	repeat_sentencia  goto 259
	IDENTIFIER_LIST  goto 28
	acceso_par  goto 29


state 226
	if_statement : IF '(' condicion ')' repeat_sentencia END_IF . ';'  (49)

	';'  shift 260
	.  error


state 227
	if_statement : IF condicion THEN repeat_sentencia ELSE repeat_sentencia . END_IF ';'  (54)

	END_IF  shift 261
	.  error


state 228
	if_statement : IF condicion THEN repeat_sentencia END_IF ';' .  (53)

	.  reduce 53


state 229
	sentencia_declarativa_tipos : TYPEDEF PAIR '<' LONGINT '>' T_ID . ';'  (70)
	sentencia_declarativa_tipos : TYPEDEF PAIR '<' LONGINT '>' T_ID .  (77)

	';'  shift 262
	error  reduce 77
	IF  reduce 77
	ELSE  reduce 77
	BEGIN  reduce 77
	END  reduce 77
	END_IF  reduce 77
	OUTF  reduce 77
	TYPEDEF  reduce 77
	RET  reduce 77
	REPEAT  reduce 77
	WHILE  reduce 77
	GOTO  reduce 77
	LONGINT  reduce 77
	DOUBLE  reduce 77
	T_ID  reduce 77
	T_ETIQUETA  reduce 77
	')'  reduce 77


state 230
	sentencia_declarativa_tipos : TYPEDEF PAIR '<' LONGINT '>' ';' .  (81)

	.  reduce 81


state 231
	sentencia_declarativa_tipos : TYPEDEF PAIR '<' DOUBLE '>' T_ID . ';'  (71)
	sentencia_declarativa_tipos : TYPEDEF PAIR '<' DOUBLE '>' T_ID .  (78)

	';'  shift 263
	error  reduce 78
	IF  reduce 78
	ELSE  reduce 78
	BEGIN  reduce 78
	END  reduce 78
	END_IF  reduce 78
	OUTF  reduce 78
	TYPEDEF  reduce 78
	RET  reduce 78
	REPEAT  reduce 78
	WHILE  reduce 78
	GOTO  reduce 78
	LONGINT  reduce 78
	DOUBLE  reduce 78
	T_ID  reduce 78
	T_ETIQUETA  reduce 78
	')'  reduce 78


state 232
	sentencia_declarativa_tipos : TYPEDEF PAIR '<' DOUBLE '>' ';' .  (82)

	.  reduce 82


state 233
	sentencia_declarativa_tipos : TYPEDEF PAIR '<' T_ID '>' T_ID . ';'  (76)

	';'  shift 264
	.  error


state 234
	sentencia_declarativa_tipos : TYPEDEF PAIR '<' '>' T_ID ';' .  (72)

	.  reduce 72


state 235
	subrango : '{' T_CTE ',' . T_CTE '}'  (87)
	subrango : '{' T_CTE ',' . '-' T_CTE '}'  (89)

	T_CTE  shift 265
	'-'  shift 266
	.  error


state 236
	subrango : '{' '-' T_CTE . ',' T_CTE '}'  (88)
	subrango : '{' '-' T_CTE . ',' '-' T_CTE '}'  (90)

	','  shift 267
	.  error


state 237
	sentencia_declarativa_tipos : TYPEDEF T_ID T_ASIGNACION tipo subrango ';' .  (69)

	.  reduce 69


state 238
	sentencia_declarativa_tipos : TYPEDEF '<' LONGINT '>' T_ID ';' .  (79)

	.  reduce 79


state 239
	sentencia_declarativa_tipos : TYPEDEF '<' DOUBLE '>' T_ID ';' .  (80)

	.  reduce 80


state 240
	repeat_while_statement : REPEAT repeat_sentencia error '(' condicion ')' . ';'  (62)

	';'  shift 268
	.  error


state 241
	repeat_while_statement : REPEAT repeat_sentencia WHILE '(' ')' ';' .  (60)

	.  reduce 60


state 242
	repeat_while_statement : REPEAT repeat_sentencia WHILE '(' condicion ')' . ';'  (57)
	repeat_while_statement : REPEAT repeat_sentencia WHILE '(' condicion ')' .  (58)

	';'  shift 269
	error  reduce 58
	IF  reduce 58
	ELSE  reduce 58
	BEGIN  reduce 58
	END  reduce 58
	END_IF  reduce 58
	OUTF  reduce 58
	TYPEDEF  reduce 58
	RET  reduce 58
	REPEAT  reduce 58
	WHILE  reduce 58
	GOTO  reduce 58
	LONGINT  reduce 58
	DOUBLE  reduce 58
	T_ID  reduce 58
	T_ETIQUETA  reduce 58
	')'  reduce 58


state 243
	declaracion_funcion : tipo FUN '(' tipo T_ID ')' . bloque_sentencias  (31)

	BEGIN  shift 1
	.  error

	bloque_sentencias  goto 270


state 244
	parametro : tipo T_ID .  (33)

	.  reduce 33


state 245
	declaracion_funcion : tipo FUN nombre '(' tipo ')' . bloque_sentencias  (29)

	BEGIN  shift 1
	.  error

	bloque_sentencias  goto 271


state 246
	declaracion_funcion : tipo FUN nombre '(' parametro ')' . bloque_sentencias  (27)
	declaracion_funcion : tipo FUN nombre '(' parametro ')' . bloque_sentencias ';'  (32)

	BEGIN  shift 1
	.  error

	bloque_sentencias  goto 272


state 247
	parametros_error : parametro ',' . parametro  (34)

	LONGINT  shift 13
	DOUBLE  shift 14
	T_ID  shift 95
	.  error

	tipo  goto 273
	parametro  goto 274


state 248
	declaracion_funcion : tipo FUN nombre '(' parametros_error ')' . bloque_sentencias  (28)

	BEGIN  shift 1
	.  error

	bloque_sentencias  goto 275


state 249
	parametros_error : parametros_error ',' . parametro  (35)

	LONGINT  shift 13
	DOUBLE  shift 14
	T_ID  shift 95
	.  error

	tipo  goto 273
	parametro  goto 276


state 250
	declaracion_funcion : tipo nombre '(' tipo T_ID ')' . bloque_sentencias  (30)

	BEGIN  shift 1
	.  error

	bloque_sentencias  goto 277


state 251
	if_statement : IF '(' ')' THEN repeat_sentencia ELSE repeat_sentencia . END_IF ';'  (48)

	END_IF  shift 278
	.  error


state 252
	if_statement : IF '(' ')' THEN repeat_sentencia END_IF ';' .  (47)

	.  reduce 47


state 253
	if_statement : IF '(' condicion ')' THEN ELSE END_IF . ';'  (52)

	';'  shift 279
	.  error


state 254
	if_statement : IF '(' condicion ')' THEN END_IF ';' .  (51)

	.  reduce 51


state 255
	if_statement : IF '(' condicion ')' THEN repeat_sentencia error . ';'  (55)

	';'  shift 280
	.  error


state 256
	if_statement : IF '(' condicion ')' THEN repeat_sentencia ELSE . repeat_sentencia END_IF ';'  (43)
	if_statement : IF '(' condicion ')' THEN repeat_sentencia ELSE . repeat_sentencia END_IF  (46)
	if_statement : IF '(' condicion ')' THEN repeat_sentencia ELSE . repeat_sentencia error ';'  (56)

	IF  shift 6
	BEGIN  shift 1
	OUTF  shift 8
	TYPEDEF  shift 9
	RET  shift 10
	REPEAT  shift 11
	GOTO  shift 12
	LONGINT  shift 13
	DOUBLE  shift 14
	T_ID  shift 15
	T_ETIQUETA  shift 16
	.  error

	bloque_sentencias  goto 55
	sentencia  goto 56
	declaracion  goto 19
	asignacion  goto 20
	if_statement  goto 21
	repeat_while_statement  goto 22
	salida  goto 23
	declaracion_funcion  goto 24
	goto_statement  goto 25
	sentencia_declarativa_tipos  goto 26
	tipo  goto 27
	repeat_sentencia  goto 281
	IDENTIFIER_LIST  goto 28
	acceso_par  goto 29


state 257
	if_statement : IF '(' condicion ')' THEN repeat_sentencia END_IF . ';'  (42)
	if_statement : IF '(' condicion ')' THEN repeat_sentencia END_IF .  (45)

	';'  shift 282
	error  reduce 45
	IF  reduce 45
	ELSE  reduce 45
	BEGIN  reduce 45
	END  reduce 45
	END_IF  reduce 45
	OUTF  reduce 45
	TYPEDEF  reduce 45
	RET  reduce 45
	REPEAT  reduce 45
	WHILE  reduce 45
	GOTO  reduce 45
	LONGINT  reduce 45
	DOUBLE  reduce 45
	T_ID  reduce 45
	T_ETIQUETA  reduce 45
	')'  reduce 45


state 258
	if_statement : IF '(' condicion ')' THEN repeat_sentencia repeat_sentencia . END_IF ';'  (44)

	END_IF  shift 283
	.  error


state 259
	if_statement : IF '(' condicion ')' repeat_sentencia ELSE repeat_sentencia . END_IF ';'  (50)

	END_IF  shift 284
	.  error


state 260
	if_statement : IF '(' condicion ')' repeat_sentencia END_IF ';' .  (49)

	.  reduce 49


state 261
	if_statement : IF condicion THEN repeat_sentencia ELSE repeat_sentencia END_IF . ';'  (54)

	';'  shift 285
	.  error


state 262
	sentencia_declarativa_tipos : TYPEDEF PAIR '<' LONGINT '>' T_ID ';' .  (70)

	.  reduce 70


state 263
	sentencia_declarativa_tipos : TYPEDEF PAIR '<' DOUBLE '>' T_ID ';' .  (71)

	.  reduce 71


state 264
	sentencia_declarativa_tipos : TYPEDEF PAIR '<' T_ID '>' T_ID ';' .  (76)

	.  reduce 76


state 265
	subrango : '{' T_CTE ',' T_CTE . '}'  (87)

	'}'  shift 286
	.  error


state 266
	subrango : '{' T_CTE ',' '-' . T_CTE '}'  (89)

	T_CTE  shift 287
	.  error


state 267
	subrango : '{' '-' T_CTE ',' . T_CTE '}'  (88)
	subrango : '{' '-' T_CTE ',' . '-' T_CTE '}'  (90)

	T_CTE  shift 288
	'-'  shift 289
	.  error


state 268
	repeat_while_statement : REPEAT repeat_sentencia error '(' condicion ')' ';' .  (62)

	.  reduce 62


state 269
	repeat_while_statement : REPEAT repeat_sentencia WHILE '(' condicion ')' ';' .  (57)

	.  reduce 57


state 270
	declaracion_funcion : tipo FUN '(' tipo T_ID ')' bloque_sentencias .  (31)

	.  reduce 31


state 271
	declaracion_funcion : tipo FUN nombre '(' tipo ')' bloque_sentencias .  (29)

	.  reduce 29


state 272
	declaracion_funcion : tipo FUN nombre '(' parametro ')' bloque_sentencias .  (27)
	declaracion_funcion : tipo FUN nombre '(' parametro ')' bloque_sentencias . ';'  (32)

	';'  shift 290
	error  reduce 27
	IF  reduce 27
	ELSE  reduce 27
	BEGIN  reduce 27
	END  reduce 27
	END_IF  reduce 27
	OUTF  reduce 27
	TYPEDEF  reduce 27
	RET  reduce 27
	REPEAT  reduce 27
	WHILE  reduce 27
	GOTO  reduce 27
	LONGINT  reduce 27
	DOUBLE  reduce 27
	T_ID  reduce 27
	T_ETIQUETA  reduce 27
	')'  reduce 27


state 273
	parametro : tipo . T_ID  (33)

	T_ID  shift 244
	.  error


state 274
	parametros_error : parametro ',' parametro .  (34)

	.  reduce 34


state 275
	declaracion_funcion : tipo FUN nombre '(' parametros_error ')' bloque_sentencias .  (28)

	.  reduce 28


state 276
	parametros_error : parametros_error ',' parametro .  (35)

	.  reduce 35


state 277
	declaracion_funcion : tipo nombre '(' tipo T_ID ')' bloque_sentencias .  (30)

	.  reduce 30


state 278
	if_statement : IF '(' ')' THEN repeat_sentencia ELSE repeat_sentencia END_IF . ';'  (48)

	';'  shift 291
	.  error


state 279
	if_statement : IF '(' condicion ')' THEN ELSE END_IF ';' .  (52)

	.  reduce 52


state 280
	if_statement : IF '(' condicion ')' THEN repeat_sentencia error ';' .  (55)

	.  reduce 55


state 281
	if_statement : IF '(' condicion ')' THEN repeat_sentencia ELSE repeat_sentencia . END_IF ';'  (43)
	if_statement : IF '(' condicion ')' THEN repeat_sentencia ELSE repeat_sentencia . END_IF  (46)
	if_statement : IF '(' condicion ')' THEN repeat_sentencia ELSE repeat_sentencia . error ';'  (56)

	error  shift 292
	END_IF  shift 293
	.  error


state 282
	if_statement : IF '(' condicion ')' THEN repeat_sentencia END_IF ';' .  (42)

	.  reduce 42


state 283
	if_statement : IF '(' condicion ')' THEN repeat_sentencia repeat_sentencia END_IF . ';'  (44)

	';'  shift 294
	.  error


state 284
	if_statement : IF '(' condicion ')' repeat_sentencia ELSE repeat_sentencia END_IF . ';'  (50)

	';'  shift 295
	.  error


state 285
	if_statement : IF condicion THEN repeat_sentencia ELSE repeat_sentencia END_IF ';' .  (54)

	.  reduce 54


state 286
	subrango : '{' T_CTE ',' T_CTE '}' .  (87)

	.  reduce 87


state 287
	subrango : '{' T_CTE ',' '-' T_CTE . '}'  (89)

	'}'  shift 296
	.  error


state 288
	subrango : '{' '-' T_CTE ',' T_CTE . '}'  (88)

	'}'  shift 297
	.  error


state 289
	subrango : '{' '-' T_CTE ',' '-' . T_CTE '}'  (90)

	T_CTE  shift 298
	.  error


state 290
	declaracion_funcion : tipo FUN nombre '(' parametro ')' bloque_sentencias ';' .  (32)

	.  reduce 32


state 291
	if_statement : IF '(' ')' THEN repeat_sentencia ELSE repeat_sentencia END_IF ';' .  (48)

	.  reduce 48


state 292
	if_statement : IF '(' condicion ')' THEN repeat_sentencia ELSE repeat_sentencia error . ';'  (56)

	';'  shift 299
	.  error


state 293
	if_statement : IF '(' condicion ')' THEN repeat_sentencia ELSE repeat_sentencia END_IF . ';'  (43)
	if_statement : IF '(' condicion ')' THEN repeat_sentencia ELSE repeat_sentencia END_IF .  (46)

	';'  shift 300
	error  reduce 46
	IF  reduce 46
	ELSE  reduce 46
	BEGIN  reduce 46
	END  reduce 46
	END_IF  reduce 46
	OUTF  reduce 46
	TYPEDEF  reduce 46
	RET  reduce 46
	REPEAT  reduce 46
	WHILE  reduce 46
	GOTO  reduce 46
	LONGINT  reduce 46
	DOUBLE  reduce 46
	T_ID  reduce 46
	T_ETIQUETA  reduce 46
	')'  reduce 46


state 294
	if_statement : IF '(' condicion ')' THEN repeat_sentencia repeat_sentencia END_IF ';' .  (44)

	.  reduce 44


state 295
	if_statement : IF '(' condicion ')' repeat_sentencia ELSE repeat_sentencia END_IF ';' .  (50)

	.  reduce 50


state 296
	subrango : '{' T_CTE ',' '-' T_CTE '}' .  (89)

	.  reduce 89


state 297
	subrango : '{' '-' T_CTE ',' T_CTE '}' .  (88)

	.  reduce 88


state 298
	subrango : '{' '-' T_CTE ',' '-' T_CTE . '}'  (90)

	'}'  shift 301
	.  error


state 299
	if_statement : IF '(' condicion ')' THEN repeat_sentencia ELSE repeat_sentencia error ';' .  (56)

	.  reduce 56


state 300
	if_statement : IF '(' condicion ')' THEN repeat_sentencia ELSE repeat_sentencia END_IF ';' .  (43)

	.  reduce 43


state 301
	subrango : '{' '-' T_CTE ',' '-' T_CTE '}' .  (90)

	.  reduce 90


39 terminals, 30 nonterminals
144 grammar rules, 302 states
